2026-04-11 21:01:09,835 p=25314 u=anton n=ansible WARNING| [WARNING]: Found both group and host with same name: zabbix

2026-04-11 21:01:09,836 p=25314 u=anton n=ansible WARNING| [WARNING]: Found both group and host with same name: kibana

2026-04-11 21:01:09,836 p=25314 u=anton n=ansible WARNING| [WARNING]: Found both group and host with same name: bastion

2026-04-11 21:01:09,836 p=25314 u=anton n=ansible WARNING| [WARNING]: Found both group and host with same name: elastic

2026-04-11 21:01:10,317 p=25314 u=anton n=ansible ERROR| [ERROR]: Task failed: Failed to connect to the host via ssh: Connection closed by UNKNOWN port 65535
Origin: <adhoc 'ping' task>

{'action': 'ping', 'args': {}, 'timeout': 0, 'async_val': 0, 'poll': 15}


2026-04-11 21:01:10,318 p=25314 u=anton n=ansible INFO| web-b | UNREACHABLE! => {
    "changed": false,
    "msg": "Task failed: Failed to connect to the host via ssh: Connection closed by UNKNOWN port 65535",
    "unreachable": true
}
2026-04-11 21:01:10,321 p=25314 u=anton n=ansible ERROR| [ERROR]: Task failed: Failed to connect to the host via ssh: hostname contains invalid characters
Origin: <adhoc 'ping' task>

{'action': 'ping', 'args': {}, 'timeout': 0, 'async_val': 0, 'poll': 15}


2026-04-11 21:01:10,322 p=25314 u=anton n=ansible INFO| bastion | UNREACHABLE! => {
    "changed": false,
    "msg": "Task failed: Failed to connect to the host via ssh: hostname contains invalid characters",
    "unreachable": true
}
2026-04-11 21:01:10,346 p=25314 u=anton n=ansible INFO| kibana | UNREACHABLE! => {
    "changed": false,
    "msg": "Task failed: Failed to connect to the host via ssh: Connection closed by UNKNOWN port 65535",
    "unreachable": true
}
2026-04-11 21:01:10,364 p=25314 u=anton n=ansible INFO| web-a | UNREACHABLE! => {
    "changed": false,
    "msg": "Task failed: Failed to connect to the host via ssh: Connection closed by UNKNOWN port 65535",
    "unreachable": true
}
2026-04-11 21:01:10,375 p=25314 u=anton n=ansible INFO| zabbix | UNREACHABLE! => {
    "changed": false,
    "msg": "Task failed: Failed to connect to the host via ssh: Connection closed by UNKNOWN port 65535",
    "unreachable": true
}
2026-04-11 21:01:10,403 p=25314 u=anton n=ansible INFO| elastic | UNREACHABLE! => {
    "changed": false,
    "msg": "Task failed: Failed to connect to the host via ssh: Connection closed by UNKNOWN port 65535",
    "unreachable": true
}
2026-04-11 21:02:36,914 p=25476 u=anton n=ansible WARNING| [WARNING]: Found both group and host with same name: kibana

2026-04-11 21:02:36,914 p=25476 u=anton n=ansible WARNING| [WARNING]: Found both group and host with same name: zabbix

2026-04-11 21:02:36,914 p=25476 u=anton n=ansible WARNING| [WARNING]: Found both group and host with same name: elastic

2026-04-11 21:02:36,914 p=25476 u=anton n=ansible WARNING| [WARNING]: Found both group and host with same name: bastion

2026-04-11 21:02:37,178 p=25476 u=anton n=ansible ERROR| [ERROR]: Task failed: Failed to connect to the host via ssh: Connection closed by UNKNOWN port 65535
Origin: <adhoc 'ping' task>

{'action': 'ping', 'args': {}, 'timeout': 0, 'async_val': 0, 'poll': 15}


2026-04-11 21:02:37,182 p=25476 u=anton n=ansible INFO| web-b | UNREACHABLE! => {
    "changed": false,
    "msg": "Task failed: Failed to connect to the host via ssh: Connection closed by UNKNOWN port 65535",
    "unreachable": true
}
2026-04-11 21:02:37,229 p=25476 u=anton n=ansible ERROR| [ERROR]: Task failed: Failed to connect to the host via ssh: hostname contains invalid characters
Origin: <adhoc 'ping' task>

{'action': 'ping', 'args': {}, 'timeout': 0, 'async_val': 0, 'poll': 15}


2026-04-11 21:02:37,230 p=25476 u=anton n=ansible INFO| bastion | UNREACHABLE! => {
    "changed": false,
    "msg": "Task failed: Failed to connect to the host via ssh: hostname contains invalid characters",
    "unreachable": true
}
2026-04-11 21:02:37,247 p=25476 u=anton n=ansible INFO| web-a | UNREACHABLE! => {
    "changed": false,
    "msg": "Task failed: Failed to connect to the host via ssh: Connection closed by UNKNOWN port 65535",
    "unreachable": true
}
2026-04-11 21:02:37,277 p=25476 u=anton n=ansible INFO| zabbix | UNREACHABLE! => {
    "changed": false,
    "msg": "Task failed: Failed to connect to the host via ssh: Connection closed by UNKNOWN port 65535",
    "unreachable": true
}
2026-04-11 21:02:37,289 p=25476 u=anton n=ansible INFO| kibana | UNREACHABLE! => {
    "changed": false,
    "msg": "Task failed: Failed to connect to the host via ssh: Connection closed by UNKNOWN port 65535",
    "unreachable": true
}
2026-04-11 21:02:37,308 p=25476 u=anton n=ansible INFO| elastic | UNREACHABLE! => {
    "changed": false,
    "msg": "Task failed: Failed to connect to the host via ssh: Connection closed by UNKNOWN port 65535",
    "unreachable": true
}
2026-04-11 21:04:30,974 p=25769 u=anton n=ansible WARNING| [WARNING]: Found both group and host with same name: elastic

2026-04-11 21:04:30,974 p=25769 u=anton n=ansible WARNING| [WARNING]: Found both group and host with same name: kibana

2026-04-11 21:04:30,974 p=25769 u=anton n=ansible WARNING| [WARNING]: Found both group and host with same name: bastion

2026-04-11 21:04:30,974 p=25769 u=anton n=ansible WARNING| [WARNING]: Found both group and host with same name: zabbix

2026-04-11 21:04:32,573 p=25769 u=anton n=ansible ERROR| [ERROR]: Task failed: Failed to connect to the host via ssh: ssh_askpass: exec(/usr/bin/ssh-askpass): No such file or directory
Host key verification failed.
Origin: <adhoc 'ping' task>

{'action': 'ping', 'args': {}, 'timeout': 0, 'async_val': 0, 'poll': 15}


2026-04-11 21:04:32,573 p=25769 u=anton n=ansible INFO| web-a | UNREACHABLE! => {
    "changed": false,
    "msg": "Task failed: Failed to connect to the host via ssh: ssh_askpass: exec(/usr/bin/ssh-askpass): No such file or directory\r\nHost key verification failed.",
    "unreachable": true
}
2026-04-11 21:04:32,649 p=25769 u=anton n=ansible INFO| web-b | UNREACHABLE! => {
    "changed": false,
    "msg": "Task failed: Failed to connect to the host via ssh: ssh_askpass: exec(/usr/bin/ssh-askpass): No such file or directory\r\nHost key verification failed.",
    "unreachable": true
}
2026-04-11 21:04:32,681 p=25769 u=anton n=ansible INFO| zabbix | UNREACHABLE! => {
    "changed": false,
    "msg": "Task failed: Failed to connect to the host via ssh: ssh_askpass: exec(/usr/bin/ssh-askpass): No such file or directory\r\nHost key verification failed.",
    "unreachable": true
}
2026-04-11 21:04:32,739 p=25769 u=anton n=ansible INFO| kibana | UNREACHABLE! => {
    "changed": false,
    "msg": "Task failed: Failed to connect to the host via ssh: ssh_askpass: exec(/usr/bin/ssh-askpass): No such file or directory\r\nHost key verification failed.",
    "unreachable": true
}
2026-04-11 21:04:33,256 p=25769 u=anton n=ansible INFO| elastic | UNREACHABLE! => {
    "changed": false,
    "msg": "Task failed: Failed to connect to the host via ssh: ssh_askpass: exec(/usr/bin/ssh-askpass): No such file or directory\r\nHost key verification failed.",
    "unreachable": true
}
2026-04-11 21:04:34,121 p=25769 u=anton n=ansible WARNING| [WARNING]: Host 'bastion' is using the discovered Python interpreter at '/usr/bin/python3.10', but future installation of another Python interpreter could cause a different interpreter to be discovered. See https://docs.ansible.com/ansible-core/2.20/reference_appendices/interpreter_discovery.html for more information.

2026-04-11 21:04:34,121 p=25769 u=anton n=ansible INFO| bastion | SUCCESS => {
    "ansible_facts": {
        "discovered_interpreter_python": "/usr/bin/python3.10"
    },
    "changed": false,
    "ping": "pong"
}
2026-04-11 21:17:45,820 p=27652 u=anton n=ansible WARNING| [WARNING]: Found both group and host with same name: kibana

2026-04-11 21:17:45,820 p=27652 u=anton n=ansible WARNING| [WARNING]: Found both group and host with same name: bastion

2026-04-11 21:17:45,820 p=27652 u=anton n=ansible WARNING| [WARNING]: Found both group and host with same name: elastic

2026-04-11 21:17:45,820 p=27652 u=anton n=ansible WARNING| [WARNING]: Found both group and host with same name: zabbix

2026-04-11 21:17:47,330 p=27652 u=anton n=ansible ERROR| [ERROR]: Task failed: Failed to connect to the host via ssh: ssh_askpass: exec(/usr/bin/ssh-askpass): No such file or directory
Host key verification failed.
Origin: <adhoc 'ping' task>

{'action': 'ping', 'args': {}, 'timeout': 0, 'async_val': 0, 'poll': 15}


2026-04-11 21:17:47,330 p=27652 u=anton n=ansible INFO| web-a | UNREACHABLE! => {
    "changed": false,
    "msg": "Task failed: Failed to connect to the host via ssh: ssh_askpass: exec(/usr/bin/ssh-askpass): No such file or directory\r\nHost key verification failed.",
    "unreachable": true
}
2026-04-11 21:17:47,412 p=27652 u=anton n=ansible INFO| web-b | UNREACHABLE! => {
    "changed": false,
    "msg": "Task failed: Failed to connect to the host via ssh: ssh_askpass: exec(/usr/bin/ssh-askpass): No such file or directory\r\nHost key verification failed.",
    "unreachable": true
}
2026-04-11 21:17:47,476 p=27652 u=anton n=ansible INFO| kibana | UNREACHABLE! => {
    "changed": false,
    "msg": "Task failed: Failed to connect to the host via ssh: ssh_askpass: exec(/usr/bin/ssh-askpass): No such file or directory\r\nHost key verification failed.",
    "unreachable": true
}
2026-04-11 21:17:47,481 p=27652 u=anton n=ansible INFO| zabbix | UNREACHABLE! => {
    "changed": false,
    "msg": "Task failed: Failed to connect to the host via ssh: ssh_askpass: exec(/usr/bin/ssh-askpass): No such file or directory\r\nHost key verification failed.",
    "unreachable": true
}
2026-04-11 21:17:48,015 p=27652 u=anton n=ansible INFO| elastic | UNREACHABLE! => {
    "changed": false,
    "msg": "Task failed: Failed to connect to the host via ssh: ssh_askpass: exec(/usr/bin/ssh-askpass): No such file or directory\r\nHost key verification failed.",
    "unreachable": true
}
2026-04-11 21:17:49,201 p=27652 u=anton n=ansible WARNING| [WARNING]: Host 'bastion' is using the discovered Python interpreter at '/usr/bin/python3.10', but future installation of another Python interpreter could cause a different interpreter to be discovered. See https://docs.ansible.com/ansible-core/2.20/reference_appendices/interpreter_discovery.html for more information.

2026-04-11 21:17:49,201 p=27652 u=anton n=ansible INFO| bastion | SUCCESS => {
    "ansible_facts": {
        "discovered_interpreter_python": "/usr/bin/python3.10"
    },
    "changed": false,
    "ping": "pong"
}
2026-04-11 21:20:41,920 p=28101 u=anton n=ansible WARNING| [WARNING]: Found both group and host with same name: kibana

2026-04-11 21:20:41,921 p=28101 u=anton n=ansible WARNING| [WARNING]: Found both group and host with same name: zabbix

2026-04-11 21:20:41,921 p=28101 u=anton n=ansible WARNING| [WARNING]: Found both group and host with same name: elastic

2026-04-11 21:20:41,922 p=28101 u=anton n=ansible WARNING| [WARNING]: Found both group and host with same name: bastion

2026-04-11 21:20:43,666 p=28101 u=anton n=ansible ERROR| [ERROR]: Task failed: Failed to connect to the host via ssh: ssh_askpass: exec(/usr/bin/ssh-askpass): No such file or directory
Host key verification failed.
Origin: <adhoc 'ping' task>

{'action': 'ping', 'args': {}, 'timeout': 0, 'async_val': 0, 'poll': 15}


2026-04-11 21:20:43,666 p=28101 u=anton n=ansible INFO| web-a | UNREACHABLE! => {
    "changed": false,
    "msg": "Task failed: Failed to connect to the host via ssh: ssh_askpass: exec(/usr/bin/ssh-askpass): No such file or directory\r\nHost key verification failed.",
    "unreachable": true
}
2026-04-11 21:20:43,666 p=28101 u=anton n=ansible INFO| web-b | UNREACHABLE! => {
    "changed": false,
    "msg": "Task failed: Failed to connect to the host via ssh: ssh_askpass: exec(/usr/bin/ssh-askpass): No such file or directory\r\nHost key verification failed.",
    "unreachable": true
}
2026-04-11 21:20:43,672 p=28101 u=anton n=ansible INFO| zabbix | UNREACHABLE! => {
    "changed": false,
    "msg": "Task failed: Failed to connect to the host via ssh: ssh_askpass: exec(/usr/bin/ssh-askpass): No such file or directory\r\nHost key verification failed.",
    "unreachable": true
}
2026-04-11 21:20:43,729 p=28101 u=anton n=ansible INFO| kibana | UNREACHABLE! => {
    "changed": false,
    "msg": "Task failed: Failed to connect to the host via ssh: ssh_askpass: exec(/usr/bin/ssh-askpass): No such file or directory\r\nHost key verification failed.",
    "unreachable": true
}
2026-04-11 21:20:44,341 p=28101 u=anton n=ansible INFO| elastic | UNREACHABLE! => {
    "changed": false,
    "msg": "Task failed: Failed to connect to the host via ssh: ssh_askpass: exec(/usr/bin/ssh-askpass): No such file or directory\r\nHost key verification failed.",
    "unreachable": true
}
2026-04-11 21:20:45,529 p=28101 u=anton n=ansible WARNING| [WARNING]: Host 'bastion' is using the discovered Python interpreter at '/usr/bin/python3.10', but future installation of another Python interpreter could cause a different interpreter to be discovered. See https://docs.ansible.com/ansible-core/2.20/reference_appendices/interpreter_discovery.html for more information.

2026-04-11 21:20:45,530 p=28101 u=anton n=ansible INFO| bastion | SUCCESS => {
    "ansible_facts": {
        "discovered_interpreter_python": "/usr/bin/python3.10"
    },
    "changed": false,
    "ping": "pong"
}
2026-04-11 21:26:10,665 p=28934 u=anton n=ansible WARNING| [WARNING]: Found both group and host with same name: bastion

2026-04-11 21:26:10,665 p=28934 u=anton n=ansible WARNING| [WARNING]: Found both group and host with same name: elastic

2026-04-11 21:26:10,666 p=28934 u=anton n=ansible WARNING| [WARNING]: Found both group and host with same name: kibana

2026-04-11 21:26:10,666 p=28934 u=anton n=ansible WARNING| [WARNING]: Found both group and host with same name: zabbix

2026-04-11 21:26:12,203 p=28934 u=anton n=ansible ERROR| [ERROR]: Task failed: Failed to connect to the host via ssh: ssh_askpass: exec(/usr/bin/ssh-askpass): No such file or directory
Host key verification failed.
Origin: <adhoc 'ping' task>

{'action': 'ping', 'args': {}, 'timeout': 0, 'async_val': 0, 'poll': 15}


2026-04-11 21:26:12,204 p=28934 u=anton n=ansible INFO| web-a | UNREACHABLE! => {
    "changed": false,
    "msg": "Task failed: Failed to connect to the host via ssh: ssh_askpass: exec(/usr/bin/ssh-askpass): No such file or directory\r\nHost key verification failed.",
    "unreachable": true
}
2026-04-11 21:26:12,220 p=28934 u=anton n=ansible INFO| web-b | UNREACHABLE! => {
    "changed": false,
    "msg": "Task failed: Failed to connect to the host via ssh: ssh_askpass: exec(/usr/bin/ssh-askpass): No such file or directory\r\nHost key verification failed.",
    "unreachable": true
}
2026-04-11 21:26:12,270 p=28934 u=anton n=ansible INFO| zabbix | UNREACHABLE! => {
    "changed": false,
    "msg": "Task failed: Failed to connect to the host via ssh: ssh_askpass: exec(/usr/bin/ssh-askpass): No such file or directory\r\nHost key verification failed.",
    "unreachable": true
}
2026-04-11 21:26:12,323 p=28934 u=anton n=ansible INFO| kibana | UNREACHABLE! => {
    "changed": false,
    "msg": "Task failed: Failed to connect to the host via ssh: ssh_askpass: exec(/usr/bin/ssh-askpass): No such file or directory\r\nHost key verification failed.",
    "unreachable": true
}
2026-04-11 21:26:12,870 p=28934 u=anton n=ansible INFO| elastic | UNREACHABLE! => {
    "changed": false,
    "msg": "Task failed: Failed to connect to the host via ssh: ssh_askpass: exec(/usr/bin/ssh-askpass): No such file or directory\r\nHost key verification failed.",
    "unreachable": true
}
2026-04-11 21:26:14,038 p=28934 u=anton n=ansible WARNING| [WARNING]: Host 'bastion' is using the discovered Python interpreter at '/usr/bin/python3.10', but future installation of another Python interpreter could cause a different interpreter to be discovered. See https://docs.ansible.com/ansible-core/2.20/reference_appendices/interpreter_discovery.html for more information.

2026-04-11 21:26:14,038 p=28934 u=anton n=ansible INFO| bastion | SUCCESS => {
    "ansible_facts": {
        "discovered_interpreter_python": "/usr/bin/python3.10"
    },
    "changed": false,
    "ping": "pong"
}
2026-04-11 21:28:42,458 p=29237 u=anton n=ansible WARNING| [WARNING]: Found both group and host with same name: bastion

2026-04-11 21:28:42,458 p=29237 u=anton n=ansible WARNING| [WARNING]: Found both group and host with same name: zabbix

2026-04-11 21:28:42,459 p=29237 u=anton n=ansible WARNING| [WARNING]: Found both group and host with same name: elastic

2026-04-11 21:28:42,459 p=29237 u=anton n=ansible WARNING| [WARNING]: Found both group and host with same name: kibana

2026-04-11 21:28:44,040 p=29237 u=anton n=ansible ERROR| [ERROR]: Task failed: Failed to connect to the host via ssh: ssh_askpass: exec(/usr/bin/ssh-askpass): No such file or directory
Host key verification failed.
Origin: <adhoc 'ping' task>

{'action': 'ping', 'args': {}, 'timeout': 0, 'async_val': 0, 'poll': 15}


2026-04-11 21:28:44,041 p=29237 u=anton n=ansible INFO| web-a | UNREACHABLE! => {
    "changed": false,
    "msg": "Task failed: Failed to connect to the host via ssh: ssh_askpass: exec(/usr/bin/ssh-askpass): No such file or directory\r\nHost key verification failed.",
    "unreachable": true
}
2026-04-11 21:28:44,049 p=29237 u=anton n=ansible INFO| zabbix | UNREACHABLE! => {
    "changed": false,
    "msg": "Task failed: Failed to connect to the host via ssh: ssh_askpass: exec(/usr/bin/ssh-askpass): No such file or directory\r\nHost key verification failed.",
    "unreachable": true
}
2026-04-11 21:28:44,054 p=29237 u=anton n=ansible INFO| kibana | UNREACHABLE! => {
    "changed": false,
    "msg": "Task failed: Failed to connect to the host via ssh: ssh_askpass: exec(/usr/bin/ssh-askpass): No such file or directory\r\nHost key verification failed.",
    "unreachable": true
}
2026-04-11 21:28:44,078 p=29237 u=anton n=ansible INFO| web-b | UNREACHABLE! => {
    "changed": false,
    "msg": "Task failed: Failed to connect to the host via ssh: ssh_askpass: exec(/usr/bin/ssh-askpass): No such file or directory\r\nHost key verification failed.",
    "unreachable": true
}
2026-04-11 21:28:44,653 p=29237 u=anton n=ansible INFO| elastic | UNREACHABLE! => {
    "changed": false,
    "msg": "Task failed: Failed to connect to the host via ssh: ssh_askpass: exec(/usr/bin/ssh-askpass): No such file or directory\r\nHost key verification failed.",
    "unreachable": true
}
2026-04-11 21:28:45,736 p=29237 u=anton n=ansible WARNING| [WARNING]: Host 'bastion' is using the discovered Python interpreter at '/usr/bin/python3.10', but future installation of another Python interpreter could cause a different interpreter to be discovered. See https://docs.ansible.com/ansible-core/2.20/reference_appendices/interpreter_discovery.html for more information.

2026-04-11 21:28:45,736 p=29237 u=anton n=ansible INFO| bastion | SUCCESS => {
    "ansible_facts": {
        "discovered_interpreter_python": "/usr/bin/python3.10"
    },
    "changed": false,
    "ping": "pong"
}
2026-04-11 21:38:45,798 p=30629 u=anton n=ansible WARNING| [WARNING]: Found both group and host with same name: kibana

2026-04-11 21:38:45,799 p=30629 u=anton n=ansible WARNING| [WARNING]: Found both group and host with same name: bastion

2026-04-11 21:38:45,799 p=30629 u=anton n=ansible WARNING| [WARNING]: Found both group and host with same name: zabbix

2026-04-11 21:38:45,799 p=30629 u=anton n=ansible WARNING| [WARNING]: Found both group and host with same name: elastic

2026-04-11 21:38:47,386 p=30629 u=anton n=ansible ERROR| [ERROR]: Task failed: Failed to connect to the host via ssh: ssh_askpass: exec(/usr/bin/ssh-askpass): No such file or directory
Host key verification failed.
Origin: <adhoc 'ping' task>

{'action': 'ping', 'args': {}, 'timeout': 0, 'async_val': 0, 'poll': 15}


2026-04-11 21:38:47,386 p=30629 u=anton n=ansible INFO| kibana | UNREACHABLE! => {
    "changed": false,
    "msg": "Task failed: Failed to connect to the host via ssh: ssh_askpass: exec(/usr/bin/ssh-askpass): No such file or directory\r\nHost key verification failed.",
    "unreachable": true
}
2026-04-11 21:38:47,433 p=30629 u=anton n=ansible INFO| web-a | UNREACHABLE! => {
    "changed": false,
    "msg": "Task failed: Failed to connect to the host via ssh: ssh_askpass: exec(/usr/bin/ssh-askpass): No such file or directory\r\nHost key verification failed.",
    "unreachable": true
}
2026-04-11 21:38:47,444 p=30629 u=anton n=ansible INFO| web-b | UNREACHABLE! => {
    "changed": false,
    "msg": "Task failed: Failed to connect to the host via ssh: ssh_askpass: exec(/usr/bin/ssh-askpass): No such file or directory\r\nHost key verification failed.",
    "unreachable": true
}
2026-04-11 21:38:47,454 p=30629 u=anton n=ansible INFO| zabbix | UNREACHABLE! => {
    "changed": false,
    "msg": "Task failed: Failed to connect to the host via ssh: ssh_askpass: exec(/usr/bin/ssh-askpass): No such file or directory\r\nHost key verification failed.",
    "unreachable": true
}
2026-04-11 21:38:48,001 p=30629 u=anton n=ansible INFO| elastic | UNREACHABLE! => {
    "changed": false,
    "msg": "Task failed: Failed to connect to the host via ssh: ssh_askpass: exec(/usr/bin/ssh-askpass): No such file or directory\r\nHost key verification failed.",
    "unreachable": true
}
2026-04-11 21:38:48,539 p=30629 u=anton n=ansible WARNING| [WARNING]: Host 'bastion' is using the discovered Python interpreter at '/usr/bin/python3.10', but future installation of another Python interpreter could cause a different interpreter to be discovered. See https://docs.ansible.com/ansible-core/2.20/reference_appendices/interpreter_discovery.html for more information.

2026-04-11 21:38:48,539 p=30629 u=anton n=ansible INFO| bastion | SUCCESS => {
    "ansible_facts": {
        "discovered_interpreter_python": "/usr/bin/python3.10"
    },
    "changed": false,
    "ping": "pong"
}
2026-04-11 21:41:59,214 p=31101 u=anton n=ansible WARNING| [WARNING]: Found both group and host with same name: bastion

2026-04-11 21:41:59,214 p=31101 u=anton n=ansible WARNING| [WARNING]: Found both group and host with same name: elastic

2026-04-11 21:41:59,214 p=31101 u=anton n=ansible WARNING| [WARNING]: Found both group and host with same name: kibana

2026-04-11 21:41:59,214 p=31101 u=anton n=ansible WARNING| [WARNING]: Found both group and host with same name: zabbix

2026-04-11 21:42:00,257 p=31101 u=anton n=ansible WARNING| [WARNING]: Host 'bastion' is using the discovered Python interpreter at '/usr/bin/python3.10', but future installation of another Python interpreter could cause a different interpreter to be discovered. See https://docs.ansible.com/ansible-core/2.20/reference_appendices/interpreter_discovery.html for more information.

2026-04-11 21:42:00,258 p=31101 u=anton n=ansible INFO| bastion | SUCCESS => {
    "ansible_facts": {
        "discovered_interpreter_python": "/usr/bin/python3.10"
    },
    "changed": false,
    "ping": "pong"
}
2026-04-11 21:42:00,800 p=31101 u=anton n=ansible WARNING| [WARNING]: Host 'kibana' is using the discovered Python interpreter at '/usr/bin/python3.10', but future installation of another Python interpreter could cause a different interpreter to be discovered. See https://docs.ansible.com/ansible-core/2.20/reference_appendices/interpreter_discovery.html for more information.

2026-04-11 21:42:00,800 p=31101 u=anton n=ansible INFO| kibana | SUCCESS => {
    "ansible_facts": {
        "discovered_interpreter_python": "/usr/bin/python3.10"
    },
    "changed": false,
    "ping": "pong"
}
2026-04-11 21:42:00,824 p=31101 u=anton n=ansible WARNING| [WARNING]: Host 'web-b' is using the discovered Python interpreter at '/usr/bin/python3.10', but future installation of another Python interpreter could cause a different interpreter to be discovered. See https://docs.ansible.com/ansible-core/2.20/reference_appendices/interpreter_discovery.html for more information.

2026-04-11 21:42:00,825 p=31101 u=anton n=ansible INFO| web-b | SUCCESS => {
    "ansible_facts": {
        "discovered_interpreter_python": "/usr/bin/python3.10"
    },
    "changed": false,
    "ping": "pong"
}
2026-04-11 21:42:00,975 p=31101 u=anton n=ansible WARNING| [WARNING]: Host 'zabbix' is using the discovered Python interpreter at '/usr/bin/python3.10', but future installation of another Python interpreter could cause a different interpreter to be discovered. See https://docs.ansible.com/ansible-core/2.20/reference_appendices/interpreter_discovery.html for more information.

2026-04-11 21:42:00,976 p=31101 u=anton n=ansible INFO| zabbix | SUCCESS => {
    "ansible_facts": {
        "discovered_interpreter_python": "/usr/bin/python3.10"
    },
    "changed": false,
    "ping": "pong"
}
2026-04-11 21:42:01,025 p=31101 u=anton n=ansible WARNING| [WARNING]: Host 'web-a' is using the discovered Python interpreter at '/usr/bin/python3.10', but future installation of another Python interpreter could cause a different interpreter to be discovered. See https://docs.ansible.com/ansible-core/2.20/reference_appendices/interpreter_discovery.html for more information.

2026-04-11 21:42:01,026 p=31101 u=anton n=ansible INFO| web-a | SUCCESS => {
    "ansible_facts": {
        "discovered_interpreter_python": "/usr/bin/python3.10"
    },
    "changed": false,
    "ping": "pong"
}
2026-04-11 21:42:01,740 p=31101 u=anton n=ansible WARNING| [WARNING]: Host 'elastic' is using the discovered Python interpreter at '/usr/bin/python3.10', but future installation of another Python interpreter could cause a different interpreter to be discovered. See https://docs.ansible.com/ansible-core/2.20/reference_appendices/interpreter_discovery.html for more information.

2026-04-11 21:42:01,741 p=31101 u=anton n=ansible INFO| elastic | SUCCESS => {
    "ansible_facts": {
        "discovered_interpreter_python": "/usr/bin/python3.10"
    },
    "changed": false,
    "ping": "pong"
}
2026-04-12 10:59:15,243 p=37736 u=anton n=ansible WARNING| [WARNING]: Found both group and host with same name: zabbix

2026-04-12 10:59:15,244 p=37736 u=anton n=ansible WARNING| [WARNING]: Found both group and host with same name: elastic

2026-04-12 10:59:15,244 p=37736 u=anton n=ansible WARNING| [WARNING]: Found both group and host with same name: bastion

2026-04-12 10:59:15,245 p=37736 u=anton n=ansible WARNING| [WARNING]: Found both group and host with same name: kibana

2026-04-12 10:59:15,686 p=37736 u=anton n=ansible ERROR| [ERROR]: Task failed: Failed to connect to the host via ssh: Connection closed by UNKNOWN port 65535

Task failed.
Origin: <adhoc 'ping' task>

{'action': 'ping', 'args': {}, 'timeout': 0, 'async_val': 0, 'poll': 15}

<<< caused by >>>

Failed to connect to the host via ssh: Connection closed by UNKNOWN port 65535


2026-04-12 10:59:15,686 p=37736 u=anton n=ansible INFO| web-b | UNREACHABLE! => {
    "changed": false,
    "msg": "Task failed: Failed to connect to the host via ssh: Connection closed by UNKNOWN port 65535",
    "unreachable": true
}
2026-04-12 10:59:18,582 p=37736 u=anton n=ansible WARNING| [WARNING]: Host 'bastion' is using the discovered Python interpreter at '/usr/bin/python3.10', but future installation of another Python interpreter could cause a different interpreter to be discovered. See https://docs.ansible.com/ansible-core/2.20/reference_appendices/interpreter_discovery.html for more information.

2026-04-12 10:59:18,582 p=37736 u=anton n=ansible INFO| bastion | SUCCESS => {
    "ansible_facts": {
        "discovered_interpreter_python": "/usr/bin/python3.10"
    },
    "changed": false,
    "ping": "pong"
}
2026-04-12 10:59:19,621 p=37736 u=anton n=ansible WARNING| [WARNING]: Host 'kibana' is using the discovered Python interpreter at '/usr/bin/python3.10', but future installation of another Python interpreter could cause a different interpreter to be discovered. See https://docs.ansible.com/ansible-core/2.20/reference_appendices/interpreter_discovery.html for more information.

2026-04-12 10:59:19,621 p=37736 u=anton n=ansible INFO| kibana | SUCCESS => {
    "ansible_facts": {
        "discovered_interpreter_python": "/usr/bin/python3.10"
    },
    "changed": false,
    "ping": "pong"
}
2026-04-12 10:59:19,802 p=37736 u=anton n=ansible WARNING| [WARNING]: Host 'zabbix' is using the discovered Python interpreter at '/usr/bin/python3.10', but future installation of another Python interpreter could cause a different interpreter to be discovered. See https://docs.ansible.com/ansible-core/2.20/reference_appendices/interpreter_discovery.html for more information.

2026-04-12 10:59:19,802 p=37736 u=anton n=ansible INFO| zabbix | SUCCESS => {
    "ansible_facts": {
        "discovered_interpreter_python": "/usr/bin/python3.10"
    },
    "changed": false,
    "ping": "pong"
}
2026-04-12 10:59:19,915 p=37736 u=anton n=ansible WARNING| [WARNING]: Host 'elastic' is using the discovered Python interpreter at '/usr/bin/python3.10', but future installation of another Python interpreter could cause a different interpreter to be discovered. See https://docs.ansible.com/ansible-core/2.20/reference_appendices/interpreter_discovery.html for more information.

2026-04-12 10:59:19,915 p=37736 u=anton n=ansible INFO| elastic | SUCCESS => {
    "ansible_facts": {
        "discovered_interpreter_python": "/usr/bin/python3.10"
    },
    "changed": false,
    "ping": "pong"
}
2026-04-12 10:59:19,940 p=37736 u=anton n=ansible WARNING| [WARNING]: Host 'web-a' is using the discovered Python interpreter at '/usr/bin/python3.10', but future installation of another Python interpreter could cause a different interpreter to be discovered. See https://docs.ansible.com/ansible-core/2.20/reference_appendices/interpreter_discovery.html for more information.

2026-04-12 10:59:19,940 p=37736 u=anton n=ansible INFO| web-a | SUCCESS => {
    "ansible_facts": {
        "discovered_interpreter_python": "/usr/bin/python3.10"
    },
    "changed": false,
    "ping": "pong"
}
2026-04-12 10:59:41,004 p=37911 u=anton n=ansible WARNING| [WARNING]: Found both group and host with same name: zabbix

2026-04-12 10:59:41,005 p=37911 u=anton n=ansible WARNING| [WARNING]: Found both group and host with same name: kibana

2026-04-12 10:59:41,005 p=37911 u=anton n=ansible WARNING| [WARNING]: Found both group and host with same name: elastic

2026-04-12 10:59:41,005 p=37911 u=anton n=ansible WARNING| [WARNING]: Found both group and host with same name: bastion

2026-04-12 10:59:41,625 p=37911 u=anton n=ansible WARNING| [WARNING]: Host 'bastion' is using the discovered Python interpreter at '/usr/bin/python3.10', but future installation of another Python interpreter could cause a different interpreter to be discovered. See https://docs.ansible.com/ansible-core/2.20/reference_appendices/interpreter_discovery.html for more information.

2026-04-12 10:59:41,626 p=37911 u=anton n=ansible INFO| bastion | SUCCESS => {
    "ansible_facts": {
        "discovered_interpreter_python": "/usr/bin/python3.10"
    },
    "changed": false,
    "ping": "pong"
}
2026-04-12 10:59:41,706 p=37911 u=anton n=ansible WARNING| [WARNING]: Host 'web-a' is using the discovered Python interpreter at '/usr/bin/python3.10', but future installation of another Python interpreter could cause a different interpreter to be discovered. See https://docs.ansible.com/ansible-core/2.20/reference_appendices/interpreter_discovery.html for more information.

2026-04-12 10:59:41,707 p=37911 u=anton n=ansible INFO| web-a | SUCCESS => {
    "ansible_facts": {
        "discovered_interpreter_python": "/usr/bin/python3.10"
    },
    "changed": false,
    "ping": "pong"
}
2026-04-12 10:59:41,726 p=37911 u=anton n=ansible WARNING| [WARNING]: Host 'zabbix' is using the discovered Python interpreter at '/usr/bin/python3.10', but future installation of another Python interpreter could cause a different interpreter to be discovered. See https://docs.ansible.com/ansible-core/2.20/reference_appendices/interpreter_discovery.html for more information.

2026-04-12 10:59:41,726 p=37911 u=anton n=ansible INFO| zabbix | SUCCESS => {
    "ansible_facts": {
        "discovered_interpreter_python": "/usr/bin/python3.10"
    },
    "changed": false,
    "ping": "pong"
}
2026-04-12 10:59:41,754 p=37911 u=anton n=ansible WARNING| [WARNING]: Host 'kibana' is using the discovered Python interpreter at '/usr/bin/python3.10', but future installation of another Python interpreter could cause a different interpreter to be discovered. See https://docs.ansible.com/ansible-core/2.20/reference_appendices/interpreter_discovery.html for more information.

2026-04-12 10:59:41,754 p=37911 u=anton n=ansible INFO| kibana | SUCCESS => {
    "ansible_facts": {
        "discovered_interpreter_python": "/usr/bin/python3.10"
    },
    "changed": false,
    "ping": "pong"
}
2026-04-12 10:59:42,177 p=37911 u=anton n=ansible WARNING| [WARNING]: Host 'elastic' is using the discovered Python interpreter at '/usr/bin/python3.10', but future installation of another Python interpreter could cause a different interpreter to be discovered. See https://docs.ansible.com/ansible-core/2.20/reference_appendices/interpreter_discovery.html for more information.

2026-04-12 10:59:42,178 p=37911 u=anton n=ansible INFO| elastic | SUCCESS => {
    "ansible_facts": {
        "discovered_interpreter_python": "/usr/bin/python3.10"
    },
    "changed": false,
    "ping": "pong"
}
2026-04-12 10:59:43,442 p=37911 u=anton n=ansible WARNING| [WARNING]: Host 'web-b' is using the discovered Python interpreter at '/usr/bin/python3.10', but future installation of another Python interpreter could cause a different interpreter to be discovered. See https://docs.ansible.com/ansible-core/2.20/reference_appendices/interpreter_discovery.html for more information.

2026-04-12 10:59:43,443 p=37911 u=anton n=ansible INFO| web-b | SUCCESS => {
    "ansible_facts": {
        "discovered_interpreter_python": "/usr/bin/python3.10"
    },
    "changed": false,
    "ping": "pong"
}
2026-04-12 11:10:08,379 p=40763 u=anton n=ansible WARNING| [WARNING]: Found both group and host with same name: kibana

2026-04-12 11:10:08,379 p=40763 u=anton n=ansible WARNING| [WARNING]: Found both group and host with same name: elastic

2026-04-12 11:10:08,379 p=40763 u=anton n=ansible WARNING| [WARNING]: Found both group and host with same name: bastion

2026-04-12 11:10:08,379 p=40763 u=anton n=ansible WARNING| [WARNING]: Found both group and host with same name: zabbix

2026-04-12 11:10:10,892 p=40763 u=anton n=ansible WARNING| [WARNING]: Host 'bastion' is using the discovered Python interpreter at '/usr/bin/python3.10', but future installation of another Python interpreter could cause a different interpreter to be discovered. See https://docs.ansible.com/ansible-core/2.20/reference_appendices/interpreter_discovery.html for more information.

2026-04-12 11:10:10,893 p=40763 u=anton n=ansible INFO| bastion | SUCCESS => {
    "ansible_facts": {
        "discovered_interpreter_python": "/usr/bin/python3.10"
    },
    "changed": false,
    "ping": "pong"
}
2026-04-12 11:10:11,535 p=40763 u=anton n=ansible WARNING| [WARNING]: Host 'web-a' is using the discovered Python interpreter at '/usr/bin/python3.10', but future installation of another Python interpreter could cause a different interpreter to be discovered. See https://docs.ansible.com/ansible-core/2.20/reference_appendices/interpreter_discovery.html for more information.

2026-04-12 11:10:11,535 p=40763 u=anton n=ansible INFO| web-a | SUCCESS => {
    "ansible_facts": {
        "discovered_interpreter_python": "/usr/bin/python3.10"
    },
    "changed": false,
    "ping": "pong"
}
2026-04-12 11:10:11,732 p=40763 u=anton n=ansible WARNING| [WARNING]: Host 'zabbix' is using the discovered Python interpreter at '/usr/bin/python3.10', but future installation of another Python interpreter could cause a different interpreter to be discovered. See https://docs.ansible.com/ansible-core/2.20/reference_appendices/interpreter_discovery.html for more information.

2026-04-12 11:10:11,732 p=40763 u=anton n=ansible INFO| zabbix | SUCCESS => {
    "ansible_facts": {
        "discovered_interpreter_python": "/usr/bin/python3.10"
    },
    "changed": false,
    "ping": "pong"
}
2026-04-12 11:10:11,758 p=40763 u=anton n=ansible WARNING| [WARNING]: Host 'kibana' is using the discovered Python interpreter at '/usr/bin/python3.10', but future installation of another Python interpreter could cause a different interpreter to be discovered. See https://docs.ansible.com/ansible-core/2.20/reference_appendices/interpreter_discovery.html for more information.

2026-04-12 11:10:11,758 p=40763 u=anton n=ansible INFO| kibana | SUCCESS => {
    "ansible_facts": {
        "discovered_interpreter_python": "/usr/bin/python3.10"
    },
    "changed": false,
    "ping": "pong"
}
2026-04-12 11:10:11,767 p=40763 u=anton n=ansible WARNING| [WARNING]: Host 'web-b' is using the discovered Python interpreter at '/usr/bin/python3.10', but future installation of another Python interpreter could cause a different interpreter to be discovered. See https://docs.ansible.com/ansible-core/2.20/reference_appendices/interpreter_discovery.html for more information.

2026-04-12 11:10:11,767 p=40763 u=anton n=ansible INFO| web-b | SUCCESS => {
    "ansible_facts": {
        "discovered_interpreter_python": "/usr/bin/python3.10"
    },
    "changed": false,
    "ping": "pong"
}
2026-04-12 11:10:12,666 p=40763 u=anton n=ansible WARNING| [WARNING]: Host 'elastic' is using the discovered Python interpreter at '/usr/bin/python3.10', but future installation of another Python interpreter could cause a different interpreter to be discovered. See https://docs.ansible.com/ansible-core/2.20/reference_appendices/interpreter_discovery.html for more information.

2026-04-12 11:10:12,666 p=40763 u=anton n=ansible INFO| elastic | SUCCESS => {
    "ansible_facts": {
        "discovered_interpreter_python": "/usr/bin/python3.10"
    },
    "changed": false,
    "ping": "pong"
}
2026-04-12 11:40:02,969 p=45504 u=anton n=ansible WARNING| [WARNING]: Unable to parse /home/anton/diplom/ansible/host.ini as an inventory source

2026-04-12 11:40:02,970 p=45504 u=anton n=ansible WARNING| [WARNING]: No inventory was parsed, only implicit localhost is available

2026-04-12 11:40:02,976 p=45504 u=anton n=ansible WARNING| [WARNING]: provided hosts list is empty, only localhost is available. Note that the implicit localhost does not match 'all'

2026-04-12 11:40:03,247 p=45504 u=anton n=ansible WARNING| [WARNING]: Could not match supplied host pattern, ignoring: web

2026-04-12 11:40:03,247 p=45504 u=anton n=ansible INFO| PLAY [Deploy website to web server] ******************************************************
2026-04-12 11:40:03,247 p=45504 u=anton n=ansible INFO| skipping: no hosts matched
2026-04-12 11:40:03,247 p=45504 u=anton n=ansible INFO| PLAY RECAP *******************************************************************************
2026-04-12 11:41:10,206 p=45647 u=anton n=ansible WARNING| [WARNING]: Found both group and host with same name: kibana

2026-04-12 11:41:10,208 p=45647 u=anton n=ansible WARNING| [WARNING]: Found both group and host with same name: bastion

2026-04-12 11:41:10,208 p=45647 u=anton n=ansible WARNING| [WARNING]: Found both group and host with same name: elastic

2026-04-12 11:41:10,208 p=45647 u=anton n=ansible WARNING| [WARNING]: Found both group and host with same name: zabbix

2026-04-12 11:41:12,284 p=45647 u=anton n=ansible WARNING| [WARNING]: Host 'bastion' is using the discovered Python interpreter at '/usr/bin/python3.10', but future installation of another Python interpreter could cause a different interpreter to be discovered. See https://docs.ansible.com/ansible-core/2.20/reference_appendices/interpreter_discovery.html for more information.

2026-04-12 11:41:12,285 p=45647 u=anton n=ansible INFO| bastion | SUCCESS => {
    "ansible_facts": {
        "discovered_interpreter_python": "/usr/bin/python3.10"
    },
    "changed": false,
    "ping": "pong"
}
2026-04-12 11:41:13,104 p=45647 u=anton n=ansible WARNING| [WARNING]: Host 'zabbix' is using the discovered Python interpreter at '/usr/bin/python3.10', but future installation of another Python interpreter could cause a different interpreter to be discovered. See https://docs.ansible.com/ansible-core/2.20/reference_appendices/interpreter_discovery.html for more information.

2026-04-12 11:41:13,104 p=45647 u=anton n=ansible INFO| zabbix | SUCCESS => {
    "ansible_facts": {
        "discovered_interpreter_python": "/usr/bin/python3.10"
    },
    "changed": false,
    "ping": "pong"
}
2026-04-12 11:41:13,140 p=45647 u=anton n=ansible WARNING| [WARNING]: Host 'web-b' is using the discovered Python interpreter at '/usr/bin/python3.10', but future installation of another Python interpreter could cause a different interpreter to be discovered. See https://docs.ansible.com/ansible-core/2.20/reference_appendices/interpreter_discovery.html for more information.

2026-04-12 11:41:13,140 p=45647 u=anton n=ansible INFO| web-b | SUCCESS => {
    "ansible_facts": {
        "discovered_interpreter_python": "/usr/bin/python3.10"
    },
    "changed": false,
    "ping": "pong"
}
2026-04-12 11:41:13,166 p=45647 u=anton n=ansible WARNING| [WARNING]: Host 'kibana' is using the discovered Python interpreter at '/usr/bin/python3.10', but future installation of another Python interpreter could cause a different interpreter to be discovered. See https://docs.ansible.com/ansible-core/2.20/reference_appendices/interpreter_discovery.html for more information.

2026-04-12 11:41:13,166 p=45647 u=anton n=ansible INFO| kibana | SUCCESS => {
    "ansible_facts": {
        "discovered_interpreter_python": "/usr/bin/python3.10"
    },
    "changed": false,
    "ping": "pong"
}
2026-04-12 11:41:13,518 p=45647 u=anton n=ansible WARNING| [WARNING]: Host 'web-a' is using the discovered Python interpreter at '/usr/bin/python3.10', but future installation of another Python interpreter could cause a different interpreter to be discovered. See https://docs.ansible.com/ansible-core/2.20/reference_appendices/interpreter_discovery.html for more information.

2026-04-12 11:41:13,519 p=45647 u=anton n=ansible INFO| web-a | SUCCESS => {
    "ansible_facts": {
        "discovered_interpreter_python": "/usr/bin/python3.10"
    },
    "changed": false,
    "ping": "pong"
}
2026-04-12 11:41:14,055 p=45647 u=anton n=ansible WARNING| [WARNING]: Host 'elastic' is using the discovered Python interpreter at '/usr/bin/python3.10', but future installation of another Python interpreter could cause a different interpreter to be discovered. See https://docs.ansible.com/ansible-core/2.20/reference_appendices/interpreter_discovery.html for more information.

2026-04-12 11:41:14,055 p=45647 u=anton n=ansible INFO| elastic | SUCCESS => {
    "ansible_facts": {
        "discovered_interpreter_python": "/usr/bin/python3.10"
    },
    "changed": false,
    "ping": "pong"
}
2026-04-12 11:42:31,421 p=45831 u=anton n=ansible WARNING| [WARNING]: Found both group and host with same name: zabbix

2026-04-12 11:42:31,421 p=45831 u=anton n=ansible WARNING| [WARNING]: Found both group and host with same name: kibana

2026-04-12 11:42:31,422 p=45831 u=anton n=ansible WARNING| [WARNING]: Found both group and host with same name: bastion

2026-04-12 11:42:31,422 p=45831 u=anton n=ansible WARNING| [WARNING]: Found both group and host with same name: elastic

2026-04-12 11:42:31,594 p=45831 u=anton n=ansible INFO| PLAY [Deploy website to web server] ******************************************************
2026-04-12 11:42:31,602 p=45831 u=anton n=ansible INFO| TASK [Gathering Facts] *******************************************************************
2026-04-12 11:42:34,697 p=45831 u=anton n=ansible WARNING| [WARNING]: Host 'web-b' is using the discovered Python interpreter at '/usr/bin/python3.10', but future installation of another Python interpreter could cause a different interpreter to be discovered. See https://docs.ansible.com/ansible-core/2.20/reference_appendices/interpreter_discovery.html for more information.

2026-04-12 11:42:34,698 p=45831 u=anton n=ansible INFO| ok: [web-b]
2026-04-12 11:42:34,986 p=45831 u=anton n=ansible WARNING| [WARNING]: Host 'web-a' is using the discovered Python interpreter at '/usr/bin/python3.10', but future installation of another Python interpreter could cause a different interpreter to be discovered. See https://docs.ansible.com/ansible-core/2.20/reference_appendices/interpreter_discovery.html for more information.

2026-04-12 11:42:34,986 p=45831 u=anton n=ansible INFO| ok: [web-a]
2026-04-12 11:42:34,988 p=45831 u=anton n=ansible INFO| TASK [Update apt] ************************************************************************
2026-04-12 11:42:34,999 p=45831 u=anton n=ansible WARNING| [WARNING]: Deprecation warnings can be disabled by setting `deprecation_warnings=False` in ansible.cfg.

2026-04-12 11:42:34,999 p=45831 u=anton n=ansible INFO| [DEPRECATION WARNING]: INJECT_FACTS_AS_VARS default to `True` is deprecated, top-level facts will not be auto injected after the change. This feature will be removed from ansible-core version 2.24.
Origin: /home/anton/diplom/ansible/nginx.yml:17:13

15         update_cache: yes
16         cache_valid_time: 3600
17       when: ansible_os_family == "Ubuntu"
               ^ column 13

Use `ansible_facts["fact_name"]` (no `ansible_` prefix) instead.


2026-04-12 11:42:34,999 p=45831 u=anton n=ansible INFO| skipping: [web-a]
2026-04-12 11:42:35,004 p=45831 u=anton n=ansible INFO| skipping: [web-b]
2026-04-12 11:42:35,061 p=45831 u=anton n=ansible INFO| TASK [Install nginx] *********************************************************************
2026-04-12 11:42:35,074 p=45831 u=anton n=ansible ERROR| [ERROR]: Task failed: Error while evaluating conditional: 'web_server_type' is undefined

Task failed.
Origin: /home/anton/diplom/ansible/nginx.yml:19:7

17       when: ansible_os_family == "Ubuntu"
18
19     - name: Install nginx
         ^ column 7

<<< caused by >>>

Error while evaluating conditional: 'web_server_type' is undefined
Origin: /home/anton/diplom/ansible/nginx.yml:23:13

21         name: nginx
22         state: present
23       when: web_server_type == "nginx"
               ^ column 13


2026-04-12 11:42:35,075 p=45831 u=anton n=ansible INFO| fatal: [web-a]: FAILED! => {"changed": false, "msg": "Task failed: Error while evaluating conditional: 'web_server_type' is undefined"}
2026-04-12 11:42:35,077 p=45831 u=anton n=ansible INFO| fatal: [web-b]: FAILED! => {"changed": false, "msg": "Task failed: Error while evaluating conditional: 'web_server_type' is undefined"}
2026-04-12 11:42:35,077 p=45831 u=anton n=ansible INFO| PLAY RECAP *******************************************************************************
2026-04-12 11:42:35,078 p=45831 u=anton n=ansible INFO| web-a                      : ok=1    changed=0    unreachable=0    failed=1    skipped=1    rescued=0    ignored=0   
2026-04-12 11:42:35,078 p=45831 u=anton n=ansible INFO| web-b                      : ok=1    changed=0    unreachable=0    failed=1    skipped=1    rescued=0    ignored=0   
2026-04-12 11:44:09,961 p=46119 u=anton n=ansible WARNING| [WARNING]: Found both group and host with same name: elastic

2026-04-12 11:44:09,961 p=46119 u=anton n=ansible WARNING| [WARNING]: Found both group and host with same name: zabbix

2026-04-12 11:44:09,961 p=46119 u=anton n=ansible WARNING| [WARNING]: Found both group and host with same name: bastion

2026-04-12 11:44:09,962 p=46119 u=anton n=ansible WARNING| [WARNING]: Found both group and host with same name: kibana

2026-04-12 11:44:10,124 p=46119 u=anton n=ansible INFO| PLAY [Deploy website to web server] ******************************************************
2026-04-12 11:44:10,130 p=46119 u=anton n=ansible INFO| TASK [Gathering Facts] *******************************************************************
2026-04-12 11:44:13,257 p=46119 u=anton n=ansible WARNING| [WARNING]: Host 'web-b' is using the discovered Python interpreter at '/usr/bin/python3.10', but future installation of another Python interpreter could cause a different interpreter to be discovered. See https://docs.ansible.com/ansible-core/2.20/reference_appendices/interpreter_discovery.html for more information.

2026-04-12 11:44:13,258 p=46119 u=anton n=ansible INFO| ok: [web-b]
2026-04-12 11:44:13,346 p=46119 u=anton n=ansible WARNING| [WARNING]: Host 'web-a' is using the discovered Python interpreter at '/usr/bin/python3.10', but future installation of another Python interpreter could cause a different interpreter to be discovered. See https://docs.ansible.com/ansible-core/2.20/reference_appendices/interpreter_discovery.html for more information.

2026-04-12 11:44:13,346 p=46119 u=anton n=ansible INFO| ok: [web-a]
2026-04-12 11:44:13,350 p=46119 u=anton n=ansible INFO| TASK [Update apt] ************************************************************************
2026-04-12 11:44:29,101 p=46119 u=anton n=ansible INFO| changed: [web-a]
2026-04-12 11:44:29,128 p=46119 u=anton n=ansible INFO| changed: [web-b]
2026-04-12 11:44:29,143 p=46119 u=anton n=ansible INFO| TASK [Install nginx] *********************************************************************
2026-04-12 11:44:40,792 p=46119 u=anton n=ansible INFO| changed: [web-b]
2026-04-12 11:44:47,012 p=46119 u=anton n=ansible INFO| changed: [web-a]
2026-04-12 11:44:47,015 p=46119 u=anton n=ansible INFO| TASK [Create website directory] **********************************************************
2026-04-12 11:44:47,536 p=46119 u=anton n=ansible INFO| changed: [web-b]
2026-04-12 11:44:47,538 p=46119 u=anton n=ansible INFO| changed: [web-a]
2026-04-12 11:44:47,574 p=46119 u=anton n=ansible WARNING| [WARNING]: Deprecation warnings can be disabled by setting `deprecation_warnings=False` in ansible.cfg.

2026-04-12 11:44:47,574 p=46119 u=anton n=ansible INFO| [DEPRECATION WARNING]: Importing 'to_text' from 'ansible.module_utils._text' is deprecated. This feature will be removed from ansible-core version 2.24. Use ansible.module_utils.common.text.converters instead.

2026-04-12 11:44:47,581 p=46119 u=anton n=ansible INFO| [DEPRECATION WARNING]: The `ansible.module_utils.common._collections_compat` module is deprecated. This feature will be removed from ansible-core version 2.24. Use `collections.abc` from the Python standard library instead.

2026-04-12 11:44:47,581 p=46119 u=anton n=ansible INFO| TASK [Copy website files] ****************************************************************
2026-04-12 11:44:47,741 p=46119 u=anton n=ansible ERROR| [ERROR]: Task failed: Premature end of stream waiting for become success.
>>> Standard Error
sudo: требуется указать пароль
Origin: /home/anton/diplom/ansible/nginx.yml:31:7

29         mode: '0755'
30
31     - name: Copy website files
         ^ column 7


2026-04-12 11:44:47,742 p=46119 u=anton n=ansible INFO| fatal: [web-b -> localhost]: FAILED! => {"changed": false, "msg": "Task failed: Premature end of stream waiting for become success.\n>>> Standard Error\nsudo: требуется указать пароль"}
2026-04-12 11:44:47,742 p=46119 u=anton n=ansible INFO| fatal: [web-a -> localhost]: FAILED! => {"changed": false, "msg": "Task failed: Premature end of stream waiting for become success.\n>>> Standard Error\nsudo: требуется указать пароль"}
2026-04-12 11:44:47,743 p=46119 u=anton n=ansible INFO| PLAY RECAP *******************************************************************************
2026-04-12 11:44:47,743 p=46119 u=anton n=ansible INFO| web-a                      : ok=4    changed=3    unreachable=0    failed=1    skipped=0    rescued=0    ignored=0   
2026-04-12 11:44:47,743 p=46119 u=anton n=ansible INFO| web-b                      : ok=4    changed=3    unreachable=0    failed=1    skipped=0    rescued=0    ignored=0   
2026-04-12 11:50:33,932 p=47018 u=anton n=ansible WARNING| [WARNING]: Found both group and host with same name: kibana

2026-04-12 11:50:33,932 p=47018 u=anton n=ansible WARNING| [WARNING]: Found both group and host with same name: zabbix

2026-04-12 11:50:33,932 p=47018 u=anton n=ansible WARNING| [WARNING]: Found both group and host with same name: elastic

2026-04-12 11:50:33,932 p=47018 u=anton n=ansible WARNING| [WARNING]: Found both group and host with same name: bastion

2026-04-12 11:50:34,092 p=47018 u=anton n=ansible INFO| PLAY [Deploy website to web server] ******************************************************
2026-04-12 11:50:34,102 p=47018 u=anton n=ansible INFO| TASK [Gathering Facts] *******************************************************************
2026-04-12 11:50:37,274 p=47018 u=anton n=ansible WARNING| [WARNING]: Host 'web-b' is using the discovered Python interpreter at '/usr/bin/python3.10', but future installation of another Python interpreter could cause a different interpreter to be discovered. See https://docs.ansible.com/ansible-core/2.20/reference_appendices/interpreter_discovery.html for more information.

2026-04-12 11:50:37,275 p=47018 u=anton n=ansible INFO| ok: [web-b]
2026-04-12 11:50:37,374 p=47018 u=anton n=ansible WARNING| [WARNING]: Host 'web-a' is using the discovered Python interpreter at '/usr/bin/python3.10', but future installation of another Python interpreter could cause a different interpreter to be discovered. See https://docs.ansible.com/ansible-core/2.20/reference_appendices/interpreter_discovery.html for more information.

2026-04-12 11:50:37,374 p=47018 u=anton n=ansible INFO| ok: [web-a]
2026-04-12 11:50:37,376 p=47018 u=anton n=ansible INFO| TASK [Update apt] ************************************************************************
2026-04-12 11:50:38,410 p=47018 u=anton n=ansible INFO| ok: [web-b]
2026-04-12 11:50:38,418 p=47018 u=anton n=ansible INFO| ok: [web-a]
2026-04-12 11:50:38,429 p=47018 u=anton n=ansible INFO| TASK [Install nginx] *********************************************************************
2026-04-12 11:50:40,023 p=47018 u=anton n=ansible INFO| ok: [web-b]
2026-04-12 11:50:40,026 p=47018 u=anton n=ansible INFO| ok: [web-a]
2026-04-12 11:50:40,056 p=47018 u=anton n=ansible WARNING| [WARNING]: Deprecation warnings can be disabled by setting `deprecation_warnings=False` in ansible.cfg.

2026-04-12 11:50:40,056 p=47018 u=anton n=ansible INFO| [DEPRECATION WARNING]: Importing 'to_text' from 'ansible.module_utils._text' is deprecated. This feature will be removed from ansible-core version 2.24. Use ansible.module_utils.common.text.converters instead.

2026-04-12 11:50:40,062 p=47018 u=anton n=ansible INFO| [DEPRECATION WARNING]: The `ansible.module_utils.common._collections_compat` module is deprecated. This feature will be removed from ansible-core version 2.24. Use `collections.abc` from the Python standard library instead.

2026-04-12 11:50:40,063 p=47018 u=anton n=ansible INFO| TASK [Copy website files (без sudo)] *****************************************************
2026-04-12 11:50:40,187 p=47018 u=anton n=ansible ERROR| [ERROR]: Task failed: Premature end of stream waiting for become success.
>>> Standard Error
sudo: требуется указать пароль
Origin: /home/anton/diplom/ansible/nginx.yml:23:7

21         state: present
22
23     - name: Copy website files (без sudo)
         ^ column 7


2026-04-12 11:50:40,187 p=47018 u=anton n=ansible INFO| fatal: [web-a -> localhost]: FAILED! => {"changed": false, "msg": "Task failed: Premature end of stream waiting for become success.\n>>> Standard Error\nsudo: требуется указать пароль"}
2026-04-12 11:50:40,188 p=47018 u=anton n=ansible INFO| fatal: [web-b -> localhost]: FAILED! => {"changed": false, "msg": "Task failed: Premature end of stream waiting for become success.\n>>> Standard Error\nsudo: требуется указать пароль"}
2026-04-12 11:50:40,188 p=47018 u=anton n=ansible INFO| PLAY RECAP *******************************************************************************
2026-04-12 11:50:40,188 p=47018 u=anton n=ansible INFO| web-a                      : ok=3    changed=0    unreachable=0    failed=1    skipped=0    rescued=0    ignored=0   
2026-04-12 11:50:40,188 p=47018 u=anton n=ansible INFO| web-b                      : ok=3    changed=0    unreachable=0    failed=1    skipped=0    rescued=0    ignored=0   
2026-04-12 11:53:41,815 p=47492 u=anton n=ansible WARNING| [WARNING]: Found both group and host with same name: zabbix

2026-04-12 11:53:41,815 p=47492 u=anton n=ansible WARNING| [WARNING]: Found both group and host with same name: kibana

2026-04-12 11:53:41,815 p=47492 u=anton n=ansible WARNING| [WARNING]: Found both group and host with same name: elastic

2026-04-12 11:53:41,815 p=47492 u=anton n=ansible WARNING| [WARNING]: Found both group and host with same name: bastion

2026-04-12 11:53:41,975 p=47492 u=anton n=ansible INFO| PLAY [Deploy website to web server] ******************************************************
2026-04-12 11:53:41,980 p=47492 u=anton n=ansible INFO| TASK [Gathering Facts] *******************************************************************
2026-04-12 11:53:45,239 p=47492 u=anton n=ansible WARNING| [WARNING]: Host 'web-a' is using the discovered Python interpreter at '/usr/bin/python3.10', but future installation of another Python interpreter could cause a different interpreter to be discovered. See https://docs.ansible.com/ansible-core/2.20/reference_appendices/interpreter_discovery.html for more information.

2026-04-12 11:53:45,240 p=47492 u=anton n=ansible INFO| ok: [web-a]
2026-04-12 11:53:45,388 p=47492 u=anton n=ansible WARNING| [WARNING]: Host 'web-b' is using the discovered Python interpreter at '/usr/bin/python3.10', but future installation of another Python interpreter could cause a different interpreter to be discovered. See https://docs.ansible.com/ansible-core/2.20/reference_appendices/interpreter_discovery.html for more information.

2026-04-12 11:53:45,388 p=47492 u=anton n=ansible INFO| ok: [web-b]
2026-04-12 11:53:45,390 p=47492 u=anton n=ansible INFO| TASK [Update apt] ************************************************************************
2026-04-12 11:53:46,352 p=47492 u=anton n=ansible INFO| ok: [web-b]
2026-04-12 11:53:46,502 p=47492 u=anton n=ansible INFO| ok: [web-a]
2026-04-12 11:53:46,517 p=47492 u=anton n=ansible INFO| TASK [Install nginx] *********************************************************************
2026-04-12 11:53:47,698 p=47492 u=anton n=ansible INFO| ok: [web-b]
2026-04-12 11:53:48,066 p=47492 u=anton n=ansible INFO| ok: [web-a]
2026-04-12 11:53:48,071 p=47492 u=anton n=ansible INFO| TASK [Create website directory] **********************************************************
2026-04-12 11:53:48,595 p=47492 u=anton n=ansible INFO| ok: [web-a]
2026-04-12 11:53:48,603 p=47492 u=anton n=ansible INFO| ok: [web-b]
2026-04-12 11:53:48,608 p=47492 u=anton n=ansible INFO| TASK [Copy website files using copy module (instead of synchronize)] *********************
2026-04-12 11:55:55,232 p=47492 u=anton n=ansible INFO| changed: [web-b]
2026-04-12 11:55:55,906 p=47492 u=anton n=ansible INFO| changed: [web-a]
2026-04-12 11:55:55,913 p=47492 u=anton n=ansible INFO| TASK [Set correct permissions for directories] *******************************************
2026-04-12 11:55:56,529 p=47492 u=anton n=ansible INFO| changed: [web-a]
2026-04-12 11:55:56,548 p=47492 u=anton n=ansible INFO| changed: [web-b]
2026-04-12 11:55:56,554 p=47492 u=anton n=ansible INFO| TASK [Start and enable web server] *******************************************************
2026-04-12 11:55:56,567 p=47492 u=anton n=ansible ERROR| [ERROR]: Task failed: Finalization of task args for 'ansible.builtin.service' failed: Error while resolving value for 'name': 'web_server_type' is undefined

Task failed.
Origin: /home/anton/diplom/ansible/nginx.yml:46:7

44
45
46     - name: Start and enable web server
         ^ column 7

<<< caused by >>>

Finalization of task args for 'ansible.builtin.service' failed.
Origin: /home/anton/diplom/ansible/nginx.yml:47:7

45
46     - name: Start and enable web server
47       service:
         ^ column 7

<<< caused by >>>

Error while resolving value for 'name': 'web_server_type' is undefined
Origin: /home/anton/diplom/ansible/nginx.yml:48:15

46     - name: Start and enable web server
47       service:
48         name: "{{ web_server_type }}"
                 ^ column 15


2026-04-12 11:55:56,567 p=47492 u=anton n=ansible INFO| fatal: [web-a]: FAILED! => {"changed": false, "msg": "Task failed: Finalization of task args for 'ansible.builtin.service' failed: Error while resolving value for 'name': 'web_server_type' is undefined"}
2026-04-12 11:55:56,585 p=47492 u=anton n=ansible INFO| fatal: [web-b]: FAILED! => {"changed": false, "msg": "Task failed: Finalization of task args for 'ansible.builtin.service' failed: Error while resolving value for 'name': 'web_server_type' is undefined"}
2026-04-12 11:55:56,586 p=47492 u=anton n=ansible INFO| PLAY RECAP *******************************************************************************
2026-04-12 11:55:56,586 p=47492 u=anton n=ansible INFO| web-a                      : ok=6    changed=2    unreachable=0    failed=1    skipped=0    rescued=0    ignored=0   
2026-04-12 11:55:56,586 p=47492 u=anton n=ansible INFO| web-b                      : ok=6    changed=2    unreachable=0    failed=1    skipped=0    rescued=0    ignored=0   
2026-04-12 11:57:03,141 p=48911 u=anton n=ansible WARNING| [WARNING]: Found both group and host with same name: elastic

2026-04-12 11:57:03,142 p=48911 u=anton n=ansible WARNING| [WARNING]: Found both group and host with same name: zabbix

2026-04-12 11:57:03,142 p=48911 u=anton n=ansible WARNING| [WARNING]: Found both group and host with same name: kibana

2026-04-12 11:57:03,142 p=48911 u=anton n=ansible WARNING| [WARNING]: Found both group and host with same name: bastion

2026-04-12 11:57:03,289 p=48911 u=anton n=ansible ERROR| [ERROR]: YAML parsing failed: While parsing a block collection did not find expected '-' indicator.
Origin: /home/anton/diplom/ansible/nginx.yml:51:6

49         state: started
50         enabled: yes
51      become: yes
        ^ column 6


2026-04-12 11:57:30,813 p=48916 u=anton n=ansible WARNING| [WARNING]: Found both group and host with same name: bastion

2026-04-12 11:57:30,813 p=48916 u=anton n=ansible WARNING| [WARNING]: Found both group and host with same name: kibana

2026-04-12 11:57:30,813 p=48916 u=anton n=ansible WARNING| [WARNING]: Found both group and host with same name: elastic

2026-04-12 11:57:30,813 p=48916 u=anton n=ansible WARNING| [WARNING]: Found both group and host with same name: zabbix

2026-04-12 11:57:30,974 p=48916 u=anton n=ansible INFO| PLAY [Deploy website to web server] ******************************************************
2026-04-12 11:57:30,980 p=48916 u=anton n=ansible INFO| TASK [Gathering Facts] *******************************************************************
2026-04-12 11:57:34,183 p=48916 u=anton n=ansible WARNING| [WARNING]: Host 'web-b' is using the discovered Python interpreter at '/usr/bin/python3.10', but future installation of another Python interpreter could cause a different interpreter to be discovered. See https://docs.ansible.com/ansible-core/2.20/reference_appendices/interpreter_discovery.html for more information.

2026-04-12 11:57:34,183 p=48916 u=anton n=ansible INFO| ok: [web-b]
2026-04-12 11:57:34,216 p=48916 u=anton n=ansible WARNING| [WARNING]: Host 'web-a' is using the discovered Python interpreter at '/usr/bin/python3.10', but future installation of another Python interpreter could cause a different interpreter to be discovered. See https://docs.ansible.com/ansible-core/2.20/reference_appendices/interpreter_discovery.html for more information.

2026-04-12 11:57:34,216 p=48916 u=anton n=ansible INFO| ok: [web-a]
2026-04-12 11:57:34,218 p=48916 u=anton n=ansible INFO| TASK [Update apt] ************************************************************************
2026-04-12 11:57:35,314 p=48916 u=anton n=ansible INFO| ok: [web-b]
2026-04-12 11:57:35,475 p=48916 u=anton n=ansible INFO| ok: [web-a]
2026-04-12 11:57:35,489 p=48916 u=anton n=ansible INFO| TASK [Install nginx] *********************************************************************
2026-04-12 11:57:36,830 p=48916 u=anton n=ansible INFO| ok: [web-b]
2026-04-12 11:57:37,267 p=48916 u=anton n=ansible INFO| ok: [web-a]
2026-04-12 11:57:37,269 p=48916 u=anton n=ansible INFO| TASK [Create website directory] **********************************************************
2026-04-12 11:57:37,802 p=48916 u=anton n=ansible INFO| ok: [web-a]
2026-04-12 11:57:37,812 p=48916 u=anton n=ansible INFO| ok: [web-b]
2026-04-12 11:57:37,815 p=48916 u=anton n=ansible INFO| TASK [Copy website files using copy module (instead of synchronize)] *********************
2026-04-12 11:58:55,626 p=48916 u=anton n=ansible INFO| ok: [web-a]
2026-04-12 11:58:55,828 p=48916 u=anton n=ansible INFO| ok: [web-b]
2026-04-12 11:58:55,832 p=48916 u=anton n=ansible INFO| TASK [Set correct permissions for directories] *******************************************
2026-04-12 11:58:56,416 p=48916 u=anton n=ansible INFO| changed: [web-b]
2026-04-12 11:58:56,433 p=48916 u=anton n=ansible INFO| changed: [web-a]
2026-04-12 11:58:56,436 p=48916 u=anton n=ansible INFO| TASK [Start and enable web server] *******************************************************
2026-04-12 11:58:57,108 p=48916 u=anton n=ansible INFO| ok: [web-b]
2026-04-12 11:58:57,111 p=48916 u=anton n=ansible INFO| ok: [web-a]
2026-04-12 11:58:57,114 p=48916 u=anton n=ansible INFO| PLAY RECAP *******************************************************************************
2026-04-12 11:58:57,114 p=48916 u=anton n=ansible INFO| web-a                      : ok=7    changed=1    unreachable=0    failed=0    skipped=0    rescued=0    ignored=0   
2026-04-12 11:58:57,114 p=48916 u=anton n=ansible INFO| web-b                      : ok=7    changed=1    unreachable=0    failed=0    skipped=0    rescued=0    ignored=0   
